<?xml version="1.0" encoding="UTF-8"?>
<!-- Generated by org.testng.reporters.JUnitXMLReporter -->
<testsuite hostname="chetan-PC" ignored="0" name="Test2" tests="1" failures="1" timestamp="07 Feb 2018 18:03:11 GMT" time="14.077" errors="0">
  <testcase name="Test2" time="13.995" classname="Assignment.SS2">
    <failure type="org.junit.ComparisonFailure" message="Results expected:&amp;lt;Manger Id[]: mngr115711&amp;gt; but was:&amp;lt;Manger Id[ ]: mngr115711&amp;gt;">
      <![CDATA[org.junit.ComparisonFailure: Results expected:<Manger Id[]: mngr115711> but was:<Manger Id[ ]: mngr115711>
	at org.junit.Assert.assertEquals(Assert.java:115)
	at Assignment.SS2.Test2(SS2.java:40)
... Removed 25 stack frames]]>
    </failure>
  </testcase> <!-- Test2 -->
</testsuite> <!-- Test2 -->
