<?xml version="1.0" encoding="UTF-8"?>
<!-- Generated by org.testng.reporters.JUnitXMLReporter -->
<testsuite hostname="chetan-PC" ignored="0" name="Test1" tests="1" failures="1" timestamp="07 Feb 2018 18:02:57 GMT" time="55.417" errors="0">
  <testcase name="Test1" time="55.235" classname="Assignment.SS1">
    <failure type="org.junit.ComparisonFailure" message="Results expected:&amp;lt;Guru99 Bank [Home ]Page&amp;gt; but was:&amp;lt;Guru99 Bank [Manager Home]Page&amp;gt;">
      <![CDATA[org.junit.ComparisonFailure: Results expected:<Guru99 Bank [Home ]Page> but was:<Guru99 Bank [Manager Home]Page>
	at org.junit.Assert.assertEquals(Assert.java:115)
	at Assignment.SS1.Test1(SS1.java:37)
... Removed 25 stack frames]]>
    </failure>
  </testcase> <!-- Test1 -->
</testsuite> <!-- Test1 -->
