<?xml version="1.0" encoding="UTF-8"?>
<testng-results skipped="0" failed="1" ignored="0" total="1" passed="0">
  <reporter-output>
  </reporter-output>
  <suite name="Default suite" duration-ms="19287" started-at="2018-03-03T15:45:04Z" finished-at="2018-03-03T15:45:23Z">
    <groups>
    </groups>
    <test name="Default test" duration-ms="19287" started-at="2018-03-03T15:45:04Z" finished-at="2018-03-03T15:45:23Z">
      <class name="TestAssignments.Assessment3">
        <test-method status="PASS" signature="beforetest()[pri:0, instance:TestAssignments.Assessment3@17fd0e6]" name="beforetest" is-config="true" duration-ms="15" started-at="2018-03-03T21:15:04Z" finished-at="2018-03-03T21:15:04Z">
          <reporter-output>
          </reporter-output>
        </test-method> <!-- beforetest -->
        <test-method status="FAIL" signature="Test3(java.lang.String, java.lang.String)[pri:0, instance:TestAssignments.Assessment3@17fd0e6]" name="Test3" duration-ms="19115" started-at="2018-03-03T21:15:04Z" data-provider="getdata" finished-at="2018-03-03T21:15:23Z">
          <params>
            <param index="0">
              <value>
                <![CDATA[mngr115711]]>
              </value>
            </param>
            <param index="1">
              <value>
                <![CDATA[aqYgUbU]]>
              </value>
            </param>
          </params>
          <exception class="org.openqa.selenium.NoAlertPresentException">
            <message>
              <![CDATA[No modal dialog is currently open
Build info: version: 'unknown', revision: 'unknown', time: 'unknown'
System info: host: 'CHETAN-PC', ip: '192.168.1.102', os.name: 'Windows 7', os.arch: 'x86', os.version: '6.1', java.version: '1.8.0_151'
Driver info: org.openqa.selenium.firefox.FirefoxDriver
Capabilities [{moz:profile=C:\Users\chetan\AppData\Local\Temp\rust_mozprofile.RF0f2vTNoReu, rotatable=false, timeouts={implicit=0.0, pageLoad=300000.0, script=30000.0}, pageLoadStrategy=normal, moz:headless=false, platform=ANY, specificationLevel=0.0, moz:accessibilityChecks=false, acceptInsecureCerts=false, browserVersion=56.0, platformVersion=6.1, moz:processID=4844.0, browserName=firefox, javascriptEnabled=true, platformName=windows_nt}]
Session ID: fadbb55f-2444-48c6-8893-83473a605820]]>
            </message>
            <full-stacktrace>
              <![CDATA[org.openqa.selenium.NoAlertPresentException: No modal dialog is currently open
Build info: version: 'unknown', revision: 'unknown', time: 'unknown'
System info: host: 'CHETAN-PC', ip: '192.168.1.102', os.name: 'Windows 7', os.arch: 'x86', os.version: '6.1', java.version: '1.8.0_151'
Driver info: org.openqa.selenium.firefox.FirefoxDriver
Capabilities [{moz:profile=C:\Users\chetan\AppData\Local\Temp\rust_mozprofile.RF0f2vTNoReu, rotatable=false, timeouts={implicit=0.0, pageLoad=300000.0, script=30000.0}, pageLoadStrategy=normal, moz:headless=false, platform=ANY, specificationLevel=0.0, moz:accessibilityChecks=false, acceptInsecureCerts=false, browserVersion=56.0, platformVersion=6.1, moz:processID=4844.0, browserName=firefox, javascriptEnabled=true, platformName=windows_nt}]
Session ID: fadbb55f-2444-48c6-8893-83473a605820
	at sun.reflect.NativeConstructorAccessorImpl.newInstance0(Native Method)
	at sun.reflect.NativeConstructorAccessorImpl.newInstance(NativeConstructorAccessorImpl.java:62)
	at sun.reflect.DelegatingConstructorAccessorImpl.newInstance(DelegatingConstructorAccessorImpl.java:45)
	at java.lang.reflect.Constructor.newInstance(Constructor.java:423)
	at org.openqa.selenium.remote.http.W3CHttpResponseCodec.createException(W3CHttpResponseCodec.java:185)
	at org.openqa.selenium.remote.http.W3CHttpResponseCodec.decode(W3CHttpResponseCodec.java:120)
	at org.openqa.selenium.remote.http.W3CHttpResponseCodec.decode(W3CHttpResponseCodec.java:49)
	at org.openqa.selenium.remote.HttpCommandExecutor.execute(HttpCommandExecutor.java:164)
	at org.openqa.selenium.remote.service.DriverCommandExecutor.execute(DriverCommandExecutor.java:82)
	at org.openqa.selenium.remote.RemoteWebDriver.execute(RemoteWebDriver.java:641)
	at org.openqa.selenium.remote.RemoteWebDriver.execute(RemoteWebDriver.java:698)
	at org.openqa.selenium.remote.RemoteWebDriver$RemoteTargetLocator.alert(RemoteWebDriver.java:1024)
	at TestAssignments.Assessment3.Test3(Assessment3.java:37)
	at sun.reflect.NativeMethodAccessorImpl.invoke0(Native Method)
	at sun.reflect.NativeMethodAccessorImpl.invoke(NativeMethodAccessorImpl.java:62)
	at sun.reflect.DelegatingMethodAccessorImpl.invoke(DelegatingMethodAccessorImpl.java:43)
	at java.lang.reflect.Method.invoke(Method.java:498)
	at org.testng.internal.MethodInvocationHelper.invokeMethod(MethodInvocationHelper.java:108)
	at org.testng.internal.Invoker.invokeMethod(Invoker.java:669)
	at org.testng.internal.Invoker.invokeTestMethod(Invoker.java:877)
	at org.testng.internal.Invoker.invokeTestMethods(Invoker.java:1201)
	at org.testng.internal.TestMethodWorker.invokeTestMethods(TestMethodWorker.java:125)
	at org.testng.internal.TestMethodWorker.run(TestMethodWorker.java:109)
	at org.testng.TestRunner.privateRun(TestRunner.java:776)
	at org.testng.TestRunner.run(TestRunner.java:634)
	at org.testng.SuiteRunner.runTest(SuiteRunner.java:425)
	at org.testng.SuiteRunner.runSequentially(SuiteRunner.java:420)
	at org.testng.SuiteRunner.privateRun(SuiteRunner.java:385)
	at org.testng.SuiteRunner.run(SuiteRunner.java:334)
	at org.testng.SuiteRunnerWorker.runSuite(SuiteRunnerWorker.java:52)
	at org.testng.SuiteRunnerWorker.run(SuiteRunnerWorker.java:86)
	at org.testng.TestNG.runSuitesSequentially(TestNG.java:1318)
	at org.testng.TestNG.runSuitesLocally(TestNG.java:1243)
	at org.testng.TestNG.runSuites(TestNG.java:1161)
	at org.testng.TestNG.run(TestNG.java:1129)
	at org.testng.remote.AbstractRemoteTestNG.run(AbstractRemoteTestNG.java:114)
	at org.testng.remote.RemoteTestNG.initAndRun(RemoteTestNG.java:251)
	at org.testng.remote.RemoteTestNG.main(RemoteTestNG.java:77)
]]>
            </full-stacktrace>
          </exception> <!-- org.openqa.selenium.NoAlertPresentException -->
          <reporter-output>
          </reporter-output>
        </test-method> <!-- Test3 -->
        <test-method status="PASS" signature="AfterTest()[pri:0, instance:TestAssignments.Assessment3@17fd0e6]" name="AfterTest" is-config="true" duration-ms="125" started-at="2018-03-03T21:15:23Z" finished-at="2018-03-03T21:15:23Z">
          <reporter-output>
          </reporter-output>
        </test-method> <!-- AfterTest -->
      </class> <!-- TestAssignments.Assessment3 -->
    </test> <!-- Default test -->
  </suite> <!-- Default suite -->
</testng-results>
